{"X:\\coding\\games\\src\\components\\games\\mastermind\\utils.ts": {"path":"X:\\coding\\games\\src\\components\\games\\mastermind\\utils.ts","statementMap":{"0":{"start":{"line":3,"column":6},"end":{"line":11,"column":null}},"1":{"start":{"line":13,"column":13},"end":{"line":22,"column":null}},"2":{"start":{"line":24,"column":40},"end":{"line":33,"column":null}},"3":{"start":{"line":25,"column":2},"end":{"line":30,"column":null}},"4":{"start":{"line":35,"column":40},"end":{"line":43,"column":null}},"5":{"start":{"line":36,"column":2},"end":{"line":41,"column":null}}},"fnMap":{"0":{"name":"(anonymous_0)","decl":{"start":{"line":24,"column":40},"end":{"line":24,"column":41}},"loc":{"start":{"line":24,"column":59},"end":{"line":33,"column":null}},"line":24},"1":{"name":"(anonymous_1)","decl":{"start":{"line":35,"column":40},"end":{"line":35,"column":41}},"loc":{"start":{"line":35,"column":59},"end":{"line":43,"column":null}},"line":35}},"branchMap":{},"s":{"0":1,"1":1,"2":1,"3":5,"4":1,"5":5},"f":{"0":5,"1":5},"b":{},"meta":{"lastBranch":0,"lastFunction":2,"lastStatement":6,"seen":{"s:3:6:11:Infinity":0,"s:13:13:22:Infinity":1,"s:24:40:33:Infinity":2,"f:24:40:24:41":0,"s:25:2:30:Infinity":3,"s:35:40:43:Infinity":4,"f:35:40:35:41":1,"s:36:2:41:Infinity":5}}}
}
